-------------------------------------------------------------------------------
Test set: com.mycompany.proyectoconmaven.EventosControllerTest
-------------------------------------------------------------------------------
Tests run: 7, Failures: 7, Errors: 0, Skipped: 0, Time elapsed: 0.007 sec <<< FAILURE! - in com.mycompany.proyectoconmaven.EventosControllerTest
testVerEvento(com.mycompany.proyectoconmaven.EventosControllerTest)  Time elapsed: 0.005 sec  <<< FAILURE!
java.lang.AssertionError: expected:<null> but was:<[Evento: titulo: Ejemplo:evento descripcion: descripcion fechaIni: Mayo/3/2013  fechaFin:Mayo/5/2014 horainicio2:31hasta3:21]>
	at org.junit.Assert.fail(Assert.java:88)
	at org.junit.Assert.failNotEquals(Assert.java:834)
	at org.junit.Assert.assertEquals(Assert.java:118)
	at org.junit.Assert.assertEquals(Assert.java:144)
	at com.mycompany.proyectoconmaven.EventosControllerTest.testVerEvento(EventosControllerTest.java:77)

testBuscarEventoNombre(com.mycompany.proyectoconmaven.EventosControllerTest)  Time elapsed: 0 sec  <<< FAILURE!
java.lang.AssertionError: The test case is a prototype.
	at org.junit.Assert.fail(Assert.java:88)
	at com.mycompany.proyectoconmaven.EventosControllerTest.testBuscarEventoNombre(EventosControllerTest.java:124)

testGetListaEventos(com.mycompany.proyectoconmaven.EventosControllerTest)  Time elapsed: 0 sec  <<< FAILURE!
java.lang.AssertionError: expected:<null> but was:<[]>
	at org.junit.Assert.fail(Assert.java:88)
	at org.junit.Assert.failNotEquals(Assert.java:834)
	at org.junit.Assert.assertEquals(Assert.java:118)
	at org.junit.Assert.assertEquals(Assert.java:144)
	at com.mycompany.proyectoconmaven.EventosControllerTest.testGetListaEventos(EventosControllerTest.java:50)

testSetListaEventos(com.mycompany.proyectoconmaven.EventosControllerTest)  Time elapsed: 0 sec  <<< FAILURE!
java.lang.AssertionError: The test case is a prototype.
	at org.junit.Assert.fail(Assert.java:88)
	at com.mycompany.proyectoconmaven.EventosControllerTest.testSetListaEventos(EventosControllerTest.java:65)

testEditarEvento(com.mycompany.proyectoconmaven.EventosControllerTest)  Time elapsed: 0.001 sec  <<< FAILURE!
java.lang.AssertionError: expected:<null> but was:<[]>
	at org.junit.Assert.fail(Assert.java:88)
	at org.junit.Assert.failNotEquals(Assert.java:834)
	at org.junit.Assert.assertEquals(Assert.java:118)
	at org.junit.Assert.assertEquals(Assert.java:144)
	at com.mycompany.proyectoconmaven.EventosControllerTest.testEditarEvento(EventosControllerTest.java:137)

testEliminarEvento(com.mycompany.proyectoconmaven.EventosControllerTest)  Time elapsed: 0 sec  <<< FAILURE!
java.lang.AssertionError: expected:<null> but was:<[]>
	at org.junit.Assert.fail(Assert.java:88)
	at org.junit.Assert.failNotEquals(Assert.java:834)
	at org.junit.Assert.assertEquals(Assert.java:118)
	at org.junit.Assert.assertEquals(Assert.java:144)
	at com.mycompany.proyectoconmaven.EventosControllerTest.testEliminarEvento(EventosControllerTest.java:107)

testCrearEventos(com.mycompany.proyectoconmaven.EventosControllerTest)  Time elapsed: 0 sec  <<< FAILURE!
java.lang.AssertionError: expected:<null> but was:<[null]>
	at org.junit.Assert.fail(Assert.java:88)
	at org.junit.Assert.failNotEquals(Assert.java:834)
	at org.junit.Assert.assertEquals(Assert.java:118)
	at org.junit.Assert.assertEquals(Assert.java:144)
	at com.mycompany.proyectoconmaven.EventosControllerTest.testCrearEventos(EventosControllerTest.java:92)

