<?xml version="1.0" encoding="UTF-8"?>
<testsuite name="com.mycompany.proyectoconmaven.EventosControllerTest" time="0.006" tests="7" errors="0" skipped="0" failures="7">
  <properties>
[...]
</properties>
  <testcase name="testVerEvento" classname="com.mycompany.proyectoconmaven.EventosControllerTest" time="0.005">
    <failure message="expected:&lt;null&gt; but was:&lt;[Evento: titulo: Ejemplo:evento descripcion: descripcion fechaIni: Mayo/3/2013  fechaFin:Mayo/5/2014 horainicio2:31hasta3:21]&gt;" type="java.lang.AssertionError"><![CDATA[java.lang.AssertionError: expected:<null> but was:<[Evento: titulo: Ejemplo:evento descripcion: descripcion fechaIni: Mayo/3/2013  fechaFin:Mayo/5/2014 horainicio2:31hasta3:21]>
	at org.junit.Assert.fail(Assert.java:88)
	at org.junit.Assert.failNotEquals(Assert.java:834)
	at org.junit.Assert.assertEquals(Assert.java:118)
	at org.junit.Assert.assertEquals(Assert.java:144)
	at com.mycompany.proyectoconmaven.EventosControllerTest.testVerEvento(EventosControllerTest.java:77)
]]></failure>
    <system-out><![CDATA[verEvento
]]></system-out>
  </testcase>
  <testcase name="testBuscarEventoNombre" classname="com.mycompany.proyectoconmaven.EventosControllerTest" time="0">
    <failure message="The test case is a prototype." type="java.lang.AssertionError">java.lang.AssertionError: The test case is a prototype.
	at org.junit.Assert.fail(Assert.java:88)
	at com.mycompany.proyectoconmaven.EventosControllerTest.testBuscarEventoNombre(EventosControllerTest.java:124)
</failure>
    <system-out><![CDATA[buscarEventoNombre
]]></system-out>
  </testcase>
  <testcase name="testGetListaEventos" classname="com.mycompany.proyectoconmaven.EventosControllerTest" time="0">
    <failure message="expected:&lt;null&gt; but was:&lt;[]&gt;" type="java.lang.AssertionError"><![CDATA[java.lang.AssertionError: expected:<null> but was:<[]>
	at org.junit.Assert.fail(Assert.java:88)
	at org.junit.Assert.failNotEquals(Assert.java:834)
	at org.junit.Assert.assertEquals(Assert.java:118)
	at org.junit.Assert.assertEquals(Assert.java:144)
	at com.mycompany.proyectoconmaven.EventosControllerTest.testGetListaEventos(EventosControllerTest.java:50)
]]></failure>
    <system-out><![CDATA[getListaEventos
]]></system-out>
  </testcase>
  <testcase name="testSetListaEventos" classname="com.mycompany.proyectoconmaven.EventosControllerTest" time="0">
    <failure message="The test case is a prototype." type="java.lang.AssertionError">java.lang.AssertionError: The test case is a prototype.
	at org.junit.Assert.fail(Assert.java:88)
	at com.mycompany.proyectoconmaven.EventosControllerTest.testSetListaEventos(EventosControllerTest.java:65)
</failure>
    <system-out><![CDATA[setListaEventos
]]></system-out>
  </testcase>
  <testcase name="testEditarEvento" classname="com.mycompany.proyectoconmaven.EventosControllerTest" time="0.001">
    <failure message="expected:&lt;null&gt; but was:&lt;[]&gt;" type="java.lang.AssertionError"><![CDATA[java.lang.AssertionError: expected:<null> but was:<[]>
	at org.junit.Assert.fail(Assert.java:88)
	at org.junit.Assert.failNotEquals(Assert.java:834)
	at org.junit.Assert.assertEquals(Assert.java:118)
	at org.junit.Assert.assertEquals(Assert.java:144)
	at com.mycompany.proyectoconmaven.EventosControllerTest.testEditarEvento(EventosControllerTest.java:137)
]]></failure>
    <system-out><![CDATA[editarEvento
]]></system-out>
  </testcase>
  <testcase name="testEliminarEvento" classname="com.mycompany.proyectoconmaven.EventosControllerTest" time="0">
    <failure message="expected:&lt;null&gt; but was:&lt;[]&gt;" type="java.lang.AssertionError"><![CDATA[java.lang.AssertionError: expected:<null> but was:<[]>
	at org.junit.Assert.fail(Assert.java:88)
	at org.junit.Assert.failNotEquals(Assert.java:834)
	at org.junit.Assert.assertEquals(Assert.java:118)
	at org.junit.Assert.assertEquals(Assert.java:144)
	at com.mycompany.proyectoconmaven.EventosControllerTest.testEliminarEvento(EventosControllerTest.java:107)
]]></failure>
    <system-out><![CDATA[eliminarEvento
]]></system-out>
  </testcase>
  <testcase name="testCrearEventos" classname="com.mycompany.proyectoconmaven.EventosControllerTest" time="0">
    <failure message="expected:&lt;null&gt; but was:&lt;[null]&gt;" type="java.lang.AssertionError"><![CDATA[java.lang.AssertionError: expected:<null> but was:<[null]>
	at org.junit.Assert.fail(Assert.java:88)
	at org.junit.Assert.failNotEquals(Assert.java:834)
	at org.junit.Assert.assertEquals(Assert.java:118)
	at org.junit.Assert.assertEquals(Assert.java:144)
	at com.mycompany.proyectoconmaven.EventosControllerTest.testCrearEventos(EventosControllerTest.java:92)
]]></failure>
    <system-out><![CDATA[crearEventos
]]></system-out>
  </testcase>
</testsuite>